*** Starting uWSGI 2.0.15 (64bit) on [Thu Jul 13 16:45:26 2017] ***
compiled with version: 4.2.1 Compatible Apple LLVM 8.1.0 (clang-802.0.41) on 24 April 2017 14:51:38
os: Darwin-16.6.0 Darwin Kernel Version 16.6.0: Fri Apr 14 16:21:16 PDT 2017; root:xnu-3789.60.24~6/RELEASE_X86_64
nodename: zhangdeMacBook-Pro.local
machine: x86_64
clock source: unix
pcre jit disabled
detected number of CPU cores: 4
current working directory: /Users/zhanghua/Desktop/ddsx/ddsx
writing pidfile to uwsgi.pid
detected binary path: /usr/local/bin/uwsgi
chdir() to /Users/zhanghua/Desktop/ddsx/ddsx
your processes number limit is 709
your memory page size is 4096 bytes
detected max file descriptor number: 10240
lock engine: OSX spinlocks
thunder lock: disabled (you can enable it with --thunder-lock)
uwsgi socket 0 bound to TCP address 127.0.0.1:5617 fd 3
Python version: 3.6.1 (default, Apr 11 2017, 18:57:57)  [GCC 4.2.1 Compatible Apple LLVM 8.1.0 (clang-802.0.41)]
Python main interpreter initialized at 0x7f8c20802800
python threads support enabled
your server socket listen backlog is limited to 100 connections
your mercy for graceful operations on workers is 60 seconds
mapped 932544 bytes (910 KB) for 32 cores
*** Operational MODE: preforking+threaded ***
WSGI app 0 (mountpoint='') ready in 0 seconds on interpreter 0x7f8c20802800 pid: 15040 (default app)
*** uWSGI is running in multiple interpreter mode ***
spawned uWSGI master process (pid: 15040)
spawned uWSGI worker 1 (pid: 15046, cores: 4)
spawned uWSGI worker 2 (pid: 15047, cores: 4)
spawned uWSGI worker 3 (pid: 15048, cores: 4)
spawned uWSGI worker 4 (pid: 15049, cores: 4)
spawned uWSGI worker 5 (pid: 15050, cores: 4)
spawned uWSGI worker 6 (pid: 15051, cores: 4)
spawned uWSGI worker 7 (pid: 15052, cores: 4)
spawned uWSGI worker 8 (pid: 15053, cores: 4)
invalid request block size: 21573 (max 4096)...skip
invalid request block size: 21573 (max 4096)...skip
invalid request block size: 21573 (max 4096)...skip
invalid request block size: 21573 (max 4096)...skip
invalid request block size: 21573 (max 4096)...skip
invalid request block size: 21573 (max 4096)...skip
invalid request block size: 21573 (max 4096)...skip
invalid request block size: 21573 (max 4096)...skip
invalid request block size: 21573 (max 4096)...skip
invalid request block size: 21573 (max 4096)...skip
invalid request block size: 21573 (max 4096)...skip
invalid request block size: 21573 (max 4096)...skip
invalid request block size: 21573 (max 4096)...skip
invalid request block size: 21573 (max 4096)...skip
invalid request block size: 21573 (max 4096)...skip
invalid request block size: 21573 (max 4096)...skip
invalid request block size: 21573 (max 4096)...skip
invalid request block size: 21573 (max 4096)...skip
invalid request block size: 21573 (max 4096)...skip
invalid request block size: 21573 (max 4096)...skip
invalid request block size: 21573 (max 4096)...skip
invalid request block size: 21573 (max 4096)...skip
invalid request block size: 21573 (max 4096)...skip
invalid request block size: 21573 (max 4096)...skip
invalid request block size: 21573 (max 4096)...skip
invalid request block size: 21573 (max 4096)...skip
invalid request block size: 21573 (max 4096)...skip
invalid request block size: 21573 (max 4096)...skip
invalid request block size: 21573 (max 4096)...skip
invalid request block size: 21573 (max 4096)...skip
invalid request block size: 21573 (max 4096)...skip
invalid request block size: 21573 (max 4096)...skip
invalid request block size: 21573 (max 4096)...skip
invalid request block size: 21573 (max 4096)...skip
invalid request block size: 21573 (max 4096)...skip
invalid request block size: 21573 (max 4096)...skip
invalid request block size: 21573 (max 4096)...skip
invalid request block size: 21573 (max 4096)...skip
invalid request block size: 21573 (max 4096)...skip
invalid request block size: 21573 (max 4096)...skip
invalid request block size: 21573 (max 4096)...skip
invalid request block size: 21573 (max 4096)...skip
invalid request block size: 21573 (max 4096)...skip
[pid: 15053|app: 0|req: 1/1] 127.0.0.1 () {42 vars in 840 bytes} [Thu Jul 13 08:45:51 2017] GET /admin/ => generated 3836 bytes in 73 msecs (HTTP/1.1 200) 6 headers in 227 bytes (2 switches on core 2)
[pid: 15053|app: 0|req: 2/2] 127.0.0.1 () {42 vars in 826 bytes} [Thu Jul 13 08:45:52 2017] GET /static/admin/css/base.css => generated 99 bytes in 4 msecs (HTTP/1.1 404) 3 headers in 100 bytes (2 switches on core 3)
[pid: 15052|app: 0|req: 1/3] 127.0.0.1 () {42 vars in 836 bytes} [Thu Jul 13 08:45:52 2017] GET /static/admin/css/dashboard.css => generated 104 bytes in 40 msecs (HTTP/1.1 404) 3 headers in 101 bytes (2 switches on core 3)
[pid: 15050|app: 0|req: 1/4] 127.0.0.1 () {44 vars in 879 bytes} [Thu Jul 13 08:45:54 2017] GET /admin/ => generated 3836 bytes in 78 msecs (HTTP/1.1 200) 6 headers in 227 bytes (2 switches on core 0)
[pid: 15053|app: 0|req: 3/5] 127.0.0.1 () {42 vars in 826 bytes} [Thu Jul 13 08:45:54 2017] GET /static/admin/css/base.css => generated 99 bytes in 2 msecs (HTTP/1.1 404) 3 headers in 100 bytes (2 switches on core 1)
[pid: 15053|app: 0|req: 4/6] 127.0.0.1 () {42 vars in 836 bytes} [Thu Jul 13 08:45:54 2017] GET /static/admin/css/dashboard.css => generated 104 bytes in 3 msecs (HTTP/1.1 404) 3 headers in 101 bytes (2 switches on core 2)
invalid request block size: 21573 (max 4096)...skip
invalid request block size: 21573 (max 4096)...skip
invalid request block size: 21573 (max 4096)...skip
invalid request block size: 21573 (max 4096)...skip
invalid request block size: 21573 (max 4096)...skip
invalid request block size: 21573 (max 4096)...skip
invalid request block size: 21573 (max 4096)...skip
invalid request block size: 21573 (max 4096)...skip
invalid request block size: 21573 (max 4096)...skip
invalid request block size: 21573 (max 4096)...skip
invalid request block size: 21573 (max 4096)...skip
invalid request block size: 21573 (max 4096)...skip
invalid request block size: 21573 (max 4096)...skip
invalid request block size: 21573 (max 4096)...skip
invalid request block size: 21573 (max 4096)...skip
invalid request block size: 21573 (max 4096)...skip
invalid request block size: 21573 (max 4096)...skip
invalid request block size: 21573 (max 4096)...skip
invalid request block size: 21573 (max 4096)...skip
invalid request block size: 21573 (max 4096)...skip
[pid: 15053|app: 0|req: 5/7] 127.0.0.1 () {42 vars in 840 bytes} [Thu Jul 13 08:48:08 2017] GET /admin/ => generated 3836 bytes in 16 msecs (HTTP/1.1 200) 6 headers in 227 bytes (2 switches on core 1)
[pid: 15053|app: 0|req: 6/8] 127.0.0.1 () {42 vars in 826 bytes} [Thu Jul 13 08:48:08 2017] GET /static/admin/css/base.css => generated 99 bytes in 1 msecs (HTTP/1.1 404) 3 headers in 100 bytes (2 switches on core 2)
[pid: 15053|app: 0|req: 7/9] 127.0.0.1 () {42 vars in 836 bytes} [Thu Jul 13 08:48:08 2017] GET /static/admin/css/dashboard.css => generated 104 bytes in 3 msecs (HTTP/1.1 404) 3 headers in 101 bytes (2 switches on core 3)
